<?xml version="1.0" encoding="UTF-8"?>
<testng-results ignored="0" total="1" passed="1" failed="0" skipped="0">
  <reporter-output>
  </reporter-output>
  <suite started-at="2025-04-07T12:02:50 IST" name="Default suite" finished-at="2025-04-07T12:03:08 IST" duration-ms="18024">
    <groups>
    </groups>
    <test started-at="2025-04-07T12:02:50 IST" name="Default test" finished-at="2025-04-07T12:03:08 IST" duration-ms="18024">
      <class name="testcases.Screen_Shot">
        <test-method signature="SS()[pri:0, instance:testcases.Screen_Shot@4b2bac3f]" started-at="2025-04-07T12:02:50 IST" name="SS" finished-at="2025-04-07T12:03:08 IST" duration-ms="17966" status="PASS">
          <reporter-output>
          </reporter-output>
        </test-method> <!-- SS -->
      </class> <!-- testcases.Screen_Shot -->
    </test> <!-- Default test -->
  </suite> <!-- Default suite -->
</testng-results>
